<?xml version="1.0" encoding="UTF-8"?>
<testsuite name="com.jstyle.blesdk1963.ExampleUnitTest" tests="1" skipped="0" failures="0" errors="0" timestamp="2020-05-26T03:06:24" hostname="ONE-20190513PYA" time="0.001">
  <properties/>
  <testcase name="addition_isCorrect" classname="com.jstyle.blesdk1963.ExampleUnitTest" time="0.001"/>
  <system-out><![CDATA[]]></system-out>
  <system-err><![CDATA[]]></system-err>
</testsuite>
